android/app/build/outputs/mapping/release/seeds.txt
com.surendra.quotes4life.MainActivity
com.surendra.quotes4life.MainActivity: MainActivity()
com.surendra.quotes4life.MainApplication: MainApplication()
com.surendra.quotes4life.MainApplication
...
androidx.appcompat.R$dimen: int abc_action_bar_icon_vertical_padding_material
com.facebook.react.uimanager.events.RCTEventEmitter: void receiveEvent(int,java.lang.String,com.facebook.react.bridge.WritableMap)
com.facebook.react.bridge.NativeModule$NativeMethod: java.lang.String getType()
androidx.appcompat.R$id: int normal
androidx.recyclerview.widget.RecyclerView: void absorbGlows(int,int)
com.facebook.react.bridge.ReactMarkerConstants: com.facebook.react.bridge.ReactMarkerConstants BUILD_REACT_INSTANCE_MANAGER_START
androidx.appcompat.R$id: int dialog_button
com.google.android.material.chip.Chip: float getCloseIconSize()
androidx.appcompat.R$styleable: int MenuItem_android_id
com.facebook.react.modules.websocket.WebSocketModule: void ping(double)
androidx.transition.R$id: int icon_group
okhttp3.Cookie: okhttp3.Cookie parse(okhttp3.HttpUrl,java.lang.String)
com.facebook.react.uimanager.BaseViewManager: java.lang.String STATE_EXPANDED
okhttp3.CacheControl$Builder: okhttp3.CacheControl build()
androidx.appcompat.R$attr: int checkboxStyle
com.google.android.material.R$string: int mtrl_picker_text_input_year_abbr
androidx.appcompat.widget.Toolbar: void setCollapseIcon(int)
com.google.android.material.R$style: int Base_TextAppearance_Widget_AppCompat_Toolbar_Title
com.facebook.react.fabric.Binding
com.google.android.material.R$dimen: int default_dimension
androidx.appcompat.R$styleable: int AppCompatTheme_textAppearanceListItemSmall
com.facebook.react.bridge.Inspector$Page: int getId()
com.facebook.react.modules.dialog.DialogModule: java.lang.String NAME
com.google.android.material.R$dimen: int abc_action_bar_content_inset_material
com.google.android.material.R$styleable: int Toolbar_navigationContentDescription
okhttp3.internal.publicsuffix.PublicSuffixDatabase: java.lang.String[] EMPTY_RULE
com.facebook.react.modules.datepicker.DatePickerDialogModule: com.facebook.react.bridge.ReactApplicationContext access$000(com.facebook.react.modules.datepicker.DatePickerDialogModule)
okhttp3.internal.platform.Platform: byte[] concatLengthPrefixed(java.util.List)
com.google.android.material.chip.ChipGroup: void setShowDividerHorizontal(int)
com.google.android.material.internal.BaselineLayout: int getBaseline()
com.facebook.react.bridge.ReadableType: com.facebook.react.bridge.ReadableType Map
androidx.recyclerview.widget.RecyclerView: void setAdapter(androidx.recyclerview.widget.RecyclerView$Adapter)
okhttp3.CipherSuite: okhttp3.CipherSuite TLS_KRB5_EXPORT_WITH_RC4_40_SHA
com.facebook.react.bridge.CatalystInstanceImpl: void jniCallJSCallback(int,com.facebook.react.bridge.NativeArray)
androidx.recyclerview.R$dimen: int compat_notification_large_icon_max_width
com.google.android.material.R$styleable: int BottomNavigationView_itemIconTint
androidx.swiperefreshlayout.widget.SwipeRefreshLayout: void setOnChildScrollUpCallback(androidx.swiperefreshlayout.widget.SwipeRefreshLayout$OnChildScrollUpCallback)
okio.AsyncTimeout: long IDLE_TIMEOUT_MILLIS
com.facebook.react.uimanager.ViewGroupManager: java.lang.Class getShadowNodeClass()
com.google.android.material.R$style: int TextAppearance_Design_Counter
androidx.coordinatorlayout.widget.CoordinatorLayout$Behavior: CoordinatorLayout$Behavior(android.content.Context,android.util.AttributeSet)
androidx.recyclerview.widget.RecyclerView: RecyclerView(android.content.Context,android.util.AttributeSet,int)
com.facebook.react.views.text.frescosupport.FrescoBasedReactTextInlineImageViewManager: void updateExtraData(android.view.View,java.lang.Object)
androidx.recyclerview.widget.RecyclerView: int mTouchSlop
okhttp3.OkHttpClient$Builder: okhttp3.Cache cache
com.facebook.react.R$id: int textSpacerNoButtons
com.facebook.fbreact.specs.NativeAsyncLocalStorageSpec: void multiMerge(com.facebook.react.bridge.ReadableArray,com.facebook.react.bridge.Callback)
com.facebook.fbreact.specs.NativeSegmentFetcherSpec: NativeSegmentFetcherSpec(com.facebook.react.bridge.ReactApplicationContext)