android/app/build/outputs/mapping/release/mapping.txt
# compiler: R8
# compiler_version: 2.0.88
# min_api: 21
# pg_map_id: a851605
# common_typos_disable
com.surendra.quotes4life.MainActivity -> com.surendra.quotes4life.MainActivity:
    java.lang.String getMainComponentName() -> L
com.surendra.quotes4life.MainApplication -> com.surendra.quotes4life.MainApplication:
    com.facebook.react.ReactNativeHost mReactNativeHost -> b
    com.facebook.react.ReactNativeHost getReactNativeHost() -> a
    void initializeFlipper(android.content.Context,com.facebook.react.ReactInstanceManager) -> b
com.surendra.quotes4life.MainApplication$1 -> com.surendra.quotes4life.MainApplication$a:
    java.lang.String getJSMainModuleName() -> e
    java.util.List getPackages() -> g
    boolean getUseDeveloperSupport() -> k
...
androidx.coordinatorlayout.widget.DirectedAcyclicGraph -> androidx.coordinatorlayout.widget.a:
    androidx.collection.SimpleArrayMap mGraph -> b
    java.util.HashSet mSortTmpMarked -> d
    androidx.core.util.Pools$Pool mListPool -> a
    java.util.ArrayList mSortResult -> c
    void addEdge(java.lang.Object,java.lang.Object) -> a
    void addNode(java.lang.Object) -> b
    void clear() -> c
    boolean contains(java.lang.Object) -> d
    void dfs(java.lang.Object,java.util.ArrayList,java.util.HashSet) -> e
    java.util.ArrayList getEmptyList() -> f
    java.util.List getIncomingEdges(java.lang.Object) -> g
    java.util.List getOutgoingEdges(java.lang.Object) -> h
    java.util.ArrayList getSortedList() -> i
    boolean hasOutgoingEdges(java.lang.Object) -> j
    void poolList(java.util.ArrayList) -> k
androidx.coordinatorlayout.widget.ViewGroupUtils -> androidx.coordinatorlayout.widget.b:
    java.lang.ThreadLocal sMatrix -> a
    java.lang.ThreadLocal sRectF -> b
    void getDescendantRect(android.view.ViewGroup,android.view.View,android.graphics.Rect) -> a
    void offsetDescendantMatrix(android.view.ViewParent,android.view.View,android.graphics.Matrix) -> b
    void offsetDescendantRect(android.view.ViewGroup,android.view.View,android.graphics.Rect) -> c
androidx.core.R$attr -> a.f.a:
androidx.core.R$id -> a.f.b:
androidx.core.R$styleable -> a.f.c:
androidx.core.app.ActivityCompat -> androidx.core.app.a:
    androidx.core.app.ActivityCompat$PermissionCompatDelegate sDelegate -> c
    void finishAffinity(android.app.Activity) -> h
    androidx.core.app.ActivityCompat$PermissionCompatDelegate getPermissionCompatDelegate() -> i
    void recreate(android.app.Activity) -> j
    void requestPermissions(android.app.Activity,java.lang.String[],int) -> k
    boolean shouldShowRequestPermissionRationale(android.app.Activity,java.lang.String) -> l
androidx.core.app.ActivityCompat$1 -> androidx.core.app.a$a:
    int val$requestCode -> d
    android.app.Activity val$activity -> c
    java.lang.String[] val$permissions -> b
androidx.core.app.ActivityCompat$2 -> androidx.core.app.a$b:
    android.app.Activity val$activity -> b
androidx.core.app.ActivityCompat$OnRequestPermissionsResultCallback -> androidx.core.app.a$c:
androidx.core.app.ActivityCompat$PermissionCompatDelegate -> androidx.core.app.a$d:
    boolean requestPermissions(android.app.Activity,java.lang.String[],int) -> a
androidx.core.app.ActivityCompat$RequestPermissionsRequestCodeValidator -> androidx.core.app.a$e:
    void validateRequestPermissionsRequestCode(int) -> b
androidx.core.app.ActivityRecreator -> androidx.core.app.b:
    android.os.Handler mainHandler -> g
    java.lang.reflect.Method performStopActivity3ParamsMethod -> d
    java.lang.reflect.Field mainThreadField -> b
    java.lang.reflect.Method performStopActivity2ParamsMethod -> e
    java.lang.reflect.Field tokenField -> c
    java.lang.reflect.Method requestRelaunchActivityMethod -> f
    java.lang.Class activityThreadClass -> a
    java.lang.Class getActivityThreadClass() -> a
    java.lang.reflect.Field getMainThreadField() -> b
    java.lang.reflect.Method getPerformStopActivity2Params(java.lang.Class) -> c
    java.lang.reflect.Method getPerformStopActivity3Params(java.lang.Class) -> d
    java.lang.reflect.Method getRequestRelaunchActivityMethod(java.lang.Class) -> e
    java.lang.reflect.Field getTokenField() -> f
    boolean needsRelaunchCall() -> g
    boolean queueOnStopIfNecessary(java.lang.Object,int,android.app.Activity) -> h
    boolean recreate(android.app.Activity) -> i
androidx.core.app.ActivityRecreator$1 -> androidx.core.app.b$a:
    java.lang.Object val$token -> c
    androidx.core.app.ActivityRecreator$LifecycleCheckCallbacks val$callbacks -> b
androidx.core.app.ActivityRecreator$2 -> androidx.core.app.b$b:
    android.app.Application val$application -> b
    androidx.core.app.ActivityRecreator$LifecycleCheckCallbacks val$callbacks -> c