android/app/build/outputs/mapping/release/usage.txt
com.surendra.quotes4life.R$bool
com.surendra.quotes4life.R$mipmap
com.surendra.quotes4life.R$styleable
com.surendra.quotes4life.R
com.surendra.quotes4life.R$string
com.surendra.quotes4life.R$dimen
com.surendra.quotes4life.R$style
com.surendra.quotes4life.R$interpolator
com.surendra.quotes4life.R$id
com.surendra.quotes4life.BuildConfig
com.surendra.quotes4life.R$raw
com.surendra.quotes4life.R$layout
com.surendra.quotes4life.R$integer
com.surendra.quotes4life.R$color
com.surendra.quotes4life.R$xml
com.surendra.quotes4life.R$plurals
com.surendra.quotes4life.R$drawable
com.surendra.quotes4life.R$animator
com.surendra.quotes4life.R$attr
com.surendra.quotes4life.R$anim
com.surendra.quotes4life.MainApplication$1:
    final synthetic com.surendra.quotes4life.MainApplication this$0
...
com.facebook.react.views.image.ReactImageDownloadListener:
    public void onSubmit(java.lang.String,java.lang.Object)
    public void onFinalImageSet(java.lang.String,java.lang.Object,android.graphics.drawable.Animatable)
    public void onFailure(java.lang.String,java.lang.Throwable)
    private static final int MAX_LEVEL
com.google.android.material.shape.ShapePathModel
androidx.recyclerview.widget.SortedList
com.facebook.react.R$string:
    private void <init>()
com.facebook.cache.common.WriterCallbacks$2
com.facebook.imagepipeline.producers.LocalResourceFetchProducer:
    public static final java.lang.String PRODUCER_NAME
androidx.appcompat.app.AlertDialog:
    protected void <init>(android.content.Context)
    protected void <init>(android.content.Context,boolean,android.content.DialogInterface$OnCancelListener)
    public android.widget.Button getButton(int)
    public void setCustomTitle(android.view.View)
    public void setMessage(java.lang.CharSequence)
    public void setView(android.view.View)
    public void setView(android.view.View,int,int,int,int)
    void setButtonPanelLayoutHint(int)
    public void setButton(int,java.lang.CharSequence,android.os.Message)
    public void setButton(int,java.lang.CharSequence,android.content.DialogInterface$OnClickListener)
    public void setButton(int,java.lang.CharSequence,android.graphics.drawable.Drawable,android.content.DialogInterface$OnClickListener)
    public void setIcon(int)
    public void setIcon(android.graphics.drawable.Drawable)
    public void setIconAttribute(int)
    static final int LAYOUT_HINT_NONE
    static final int LAYOUT_HINT_SIDE
com.facebook.drawee.backends.pipeline.R$styleable
androidx.transition.R$layout
com.facebook.react.views.textinput.ReactTextInputEndEditingEvent:
    private static final java.lang.String EVENT_NAME
com.swmansion.gesturehandler.GestureHandlerOrchestrator:
    private static final int SIMULTANEOUS_GESTURE_HANDLER_LIMIT
    private static final float DEFAULT_MIN_ALPHA_FOR_TRAVERSAL
com.facebook.react.modules.core.PermissionAwareActivity:
    public abstract int checkPermission(java.lang.String,int,int)
    public abstract int checkSelfPermission(java.lang.String)
com.swmansion.reanimated.R$layout
com.google.android.material.datepicker.CalendarItemStyle:
    int getLeftInset()
    int getRightInset()
androidx.collection.LruCache:
    public void resize(int)
    public final java.lang.Object remove(java.lang.Object)
    public final void evictAll()
    public final synchronized int size()
    public final synchronized int maxSize()
    public final synchronized int hitCount()
    public final synchronized int missCount()
    public final synchronized int createCount()
    public final synchronized int putCount()
    public final synchronized int evictionCount()
    public final synchronized java.util.Map snapshot()
androidx.customview.R$attr
com.facebook.react.module.annotations.ReactModuleList
androidx.core.content.ContentResolverCompat
androidx.lifecycle.viewmodel.R
com.swmansion.gesturehandler.react.R$anim
androidx.appcompat.widget.ActivityChooserView$5
androidx.lifecycle.ReportFragment:
    static androidx.lifecycle.ReportFragment get(android.app.Activity)
    void setProcessListener(androidx.lifecycle.ReportFragment$ActivityInitializationListener)
    private static final java.lang.String REPORT_FRAGMENT_TAG
com.google.android.material.snackbar.BaseTransientBottomBar$6
com.facebook.react.devsupport.DevServerHelper$4
androidx.appcompat.resources.R$layout
com.facebook.react.views.imagehelper.MultiSourceHelper:
    public void <init>()
androidx.activity.R$drawable
com.facebook.react.fabric.StateWrapperImpl
com.facebook.nativeimagetranscoder.BuildConfig
androidx.recyclerview.widget.ListAdapter
com.reactnativecommunity.netinfo.NetInfoUtils:
    public void <init>()
androidx.viewpager2.adapter.FragmentStateAdapter$1